<?xml version="1.0" encoding="UTF-8"?>
<testsuite xmlns:xsi="http://www.w3.org/2001/XMLSchema-instance" xsi:noNamespaceSchemaLocation="https://maven.apache.org/surefire/maven-surefire-plugin/xsd/surefire-test-report.xsd" name="org.cc.db.FieldTest" time="0.752" tests="3" errors="0" skipped="0" failures="0">
  <properties>
[...]
</properties>
  <testcase name="test_loop" classname="org.cc.db.FieldTest" time="0.01"/>
  <testcase name="test_ccfield" classname="org.cc.db.FieldTest" time="0.015"/>
  <testcase name="testDBCmdField" classname="org.cc.db.FieldTest" time="0.682"/>
</testsuite>